0 info it worked if it ends with ok
1 verbose cli [ '/usr/local/Cellar/node@6/6.14.3/bin/node',
1 verbose cli   '/usr/local/opt/node@6/bin/npm',
1 verbose cli   'start' ]
2 info using npm@3.10.10
3 info using node@v6.14.3
4 verbose run-script [ 'prestart', 'start', 'poststart' ]
5 info lifecycle cloudbincdataport@0.0.1~prestart: cloudbincdataport@0.0.1
6 silly lifecycle cloudbincdataport@0.0.1~prestart: no script for prestart, continuing
7 info lifecycle cloudbincdataport@0.0.1~start: cloudbincdataport@0.0.1
8 verbose lifecycle cloudbincdataport@0.0.1~start: unsafe-perm in lifecycle true
9 verbose lifecycle cloudbincdataport@0.0.1~start: PATH: /usr/local/Cellar/node@6/6.14.3/lib/node_modules/npm/bin/node-gyp-bin:/Users/sehgal/Documents/official/Active-Project/GeminiNew/node_modules/.bin:/usr/local/Cellar/node@6/6.14.3/bin:/usr/local/opt/mongodb@3.0/bin:/usr/local/opt/mongodb@3.0/bin:/usr/local/opt/node@6/bin:/Library/Frameworks/Python.framework/Versions/3.6/bin:/usr/local/bin:/usr/bin:/bin:/usr/sbin:/sbin
10 verbose lifecycle cloudbincdataport@0.0.1~start: CWD: /Users/sehgal/Documents/official/Active-Project/GeminiNew
11 silly lifecycle cloudbincdataport@0.0.1~start: Args: [ '-c', 'node app.js' ]
12 silly lifecycle cloudbincdataport@0.0.1~start: Returned: code: 1  signal: null
13 info lifecycle cloudbincdataport@0.0.1~start: Failed to exec start script
14 verbose stack Error: cloudbincdataport@0.0.1 start: `node app.js`
14 verbose stack Exit status 1
14 verbose stack     at EventEmitter.<anonymous> (/usr/local/Cellar/node@6/6.14.3/lib/node_modules/npm/lib/utils/lifecycle.js:255:16)
14 verbose stack     at emitTwo (events.js:106:13)
14 verbose stack     at EventEmitter.emit (events.js:191:7)
14 verbose stack     at ChildProcess.<anonymous> (/usr/local/Cellar/node@6/6.14.3/lib/node_modules/npm/lib/utils/spawn.js:40:14)
14 verbose stack     at emitTwo (events.js:106:13)
14 verbose stack     at ChildProcess.emit (events.js:191:7)
14 verbose stack     at maybeClose (internal/child_process.js:920:16)
14 verbose stack     at Process.ChildProcess._handle.onexit (internal/child_process.js:230:5)
15 verbose pkgid cloudbincdataport@0.0.1
16 verbose cwd /Users/sehgal/Documents/official/Active-Project/GeminiNew
17 error Darwin 15.6.0
18 error argv "/usr/local/Cellar/node@6/6.14.3/bin/node" "/usr/local/opt/node@6/bin/npm" "start"
19 error node v6.14.3
20 error npm  v3.10.10
21 error code ELIFECYCLE
22 error cloudbincdataport@0.0.1 start: `node app.js`
22 error Exit status 1
23 error Failed at the cloudbincdataport@0.0.1 start script 'node app.js'.
23 error Make sure you have the latest version of node.js and npm installed.
23 error If you do, this is most likely a problem with the cloudbincdataport package,
23 error not with npm itself.
23 error Tell the author that this fails on your system:
23 error     node app.js
23 error You can get information on how to open an issue for this project with:
23 error     npm bugs cloudbincdataport
23 error Or if that isn't available, you can get their info via:
23 error     npm owner ls cloudbincdataport
23 error There is likely additional logging output above.
24 verbose exit [ 1, true ]
